TN:
SF:/home/vmu/vmu_fixed2_run/src/mode_logic_team.c
FN:6,flag_speed_gt_stop
FN:18,flag_speed_le_stop
FN:30,flag_speed_gt_regen
FN:42,flag_speed_gt_ev_max
FN:54,flag_speed_le_ev_max
FN:66,flag_p_dem_le_regen
FN:78,flag_p_dem_ge_hyb_in
FN:90,flag_p_dem_le_hyb_out
FN:102,flag_p_dem_le_stop_high
FN:114,flag_p_dem_ge_stop_low
FN:126,flag_p_dem_ge_hyb_mid
FN:138,flag_p_dem_le_hyb_low
FN:150,flag_soc_ge_ev_in
FN:162,flag_soc_lt_ev_out
FN:174,flag_soc_ge_mid
FN:186,flag_soc_lt_low
FN:198,flag_weng_gt_on
FN:210,flag_weng_le_off
FN:222,guard_standstill_to_ev
FN:231,guard_standstill_to_start
FN:238,guard_to_regenb
FN:246,guard_ev_to_start
FN:255,guard_to_standstill
FN:264,guard_regenb_to_start
FN:275,guard_regenb_to_ev
FN:283,guard_motion_to_ev
FN:300,guard_start_to_hybrid
FN:311,guard_start_to_ice
FN:318,guard_ice_to_hybrid
FN:326,guard_hybrid_to_ice
FN:335,handle_standstill
FN:352,handle_ev
FN:371,handle_regenb
FN:391,motion_ice_common_exit
FN:411,internal_motion_ice_reset
FN:423,handle_start
FN:445,handle_ice
FN:467,handle_hybrid
FN:489,write_outputs
FN:539,ModeLogic_Init
FN:550,ModeLogic_Step
FNDA:24,guard_start_to_hybrid
FNDA:110,flag_p_dem_le_stop_high
FNDA:220,flag_p_dem_ge_stop_low
FNDA:99,flag_p_dem_le_regen
FNDA:96,flag_speed_le_ev_max
FNDA:96,flag_soc_ge_ev_in
FNDA:43,flag_weng_le_off
FNDA:44,flag_soc_ge_mid
FNDA:19,guard_hybrid_to_ice
FNDA:115,flag_speed_gt_stop
FNDA:19,flag_p_dem_le_hyb_low
FNDA:88,guard_motion_to_ev
FNDA:118,write_outputs
FNDA:8,guard_standstill_to_start
FNDA:11,guard_regenb_to_ev
FNDA:19,flag_soc_lt_low
FNDA:88,motion_ice_common_exit
FNDA:8,handle_standstill
FNDA:106,ModeLogic_Init
FNDA:8,guard_standstill_to_ev
FNDA:99,flag_speed_gt_regen
FNDA:11,handle_ev
FNDA:30,handle_ice
FNDA:133,ModeLogic_Step
FNDA:43,internal_motion_ice_reset
FNDA:110,flag_speed_le_stop
FNDA:30,handle_start
FNDA:24,guard_start_to_ice
FNDA:88,flag_p_dem_le_hyb_out
FNDA:224,flag_weng_gt_on
FNDA:99,guard_to_regenb
FNDA:11,flag_p_dem_ge_hyb_in
FNDA:46,flag_speed_gt_ev_max
FNDA:11,handle_regenb
FNDA:22,flag_soc_lt_ev_out
FNDA:44,flag_p_dem_ge_hyb_mid
FNDA:20,guard_ice_to_hybrid
FNDA:28,handle_hybrid
FNDA:11,guard_regenb_to_start
FNDA:110,guard_to_standstill
FNDA:11,guard_ev_to_start
FNF:41
FNH:41
BRDA:10,0,0,89
BRDA:10,0,1,26
BRDA:22,0,0,23
BRDA:22,0,1,87
BRDA:34,0,0,71
BRDA:34,0,1,28
BRDA:46,0,0,5
BRDA:46,0,1,41
BRDA:58,0,0,75
BRDA:58,0,1,21
BRDA:70,0,0,16
BRDA:70,0,1,83
BRDA:82,0,0,1
BRDA:82,0,1,10
BRDA:94,0,0,85
BRDA:94,0,1,3
BRDA:106,0,0,52
BRDA:106,0,1,58
BRDA:118,0,0,155
BRDA:118,0,1,65
BRDA:130,0,0,10
BRDA:130,0,1,34
BRDA:142,0,0,14
BRDA:142,0,1,5
BRDA:154,0,0,72
BRDA:154,0,1,24
BRDA:166,0,0,2
BRDA:166,0,1,20
BRDA:178,0,0,38
BRDA:178,0,1,6
BRDA:190,0,0,1
BRDA:190,0,1,18
BRDA:202,0,0,162
BRDA:202,0,1,62
BRDA:214,0,0,4
BRDA:214,0,1,39
BRDA:341,0,0,1
BRDA:341,0,1,7
BRDA:343,0,0,4
BRDA:343,0,1,3
BRDA:359,0,0,1
BRDA:359,0,1,10
BRDA:361,0,0,3
BRDA:361,0,1,7
BRDA:363,0,0,1
BRDA:363,0,1,6
BRDA:378,0,0,2
BRDA:378,0,1,9
BRDA:380,0,0,2
BRDA:380,0,1,7
BRDA:382,0,0,2
BRDA:382,0,1,5
BRDA:398,0,0,6
BRDA:398,0,1,82
BRDA:400,0,0,8
BRDA:400,0,1,74
BRDA:402,0,0,7
BRDA:402,0,1,67
BRDA:415,0,0,4
BRDA:415,0,1,39
BRDA:429,0,0,24
BRDA:429,0,1,6
BRDA:433,0,0,4
BRDA:433,0,1,20
BRDA:435,0,0,12
BRDA:435,0,1,8
BRDA:451,0,0,22
BRDA:451,0,1,8
BRDA:456,0,0,20
BRDA:456,0,1,10
BRDA:457,0,0,4
BRDA:457,0,1,16
BRDA:473,0,0,21
BRDA:473,0,1,7
BRDA:478,0,0,19
BRDA:478,0,1,9
BRDA:479,0,0,15
BRDA:479,0,1,4
BRDA:491,0,0,13
BRDA:491,0,1,17
BRDA:491,0,2,12
BRDA:491,0,3,21
BRDA:491,0,4,43
BRDA:491,0,5,12
BRDA:491,0,6,0
BRDA:541,0,0,101
BRDA:541,0,1,5
BRDA:552,0,0,128
BRDA:552,0,1,5
BRDA:552,0,2,123
BRDA:552,0,3,5
BRDA:552,0,4,118
BRDA:552,0,5,5
BRDA:555,0,0,8
BRDA:555,0,1,11
BRDA:555,0,2,11
BRDA:555,0,3,30
BRDA:555,0,4,30
BRDA:555,0,5,28
BRDA:555,0,6,0
BRF:100
BRH:98
DA:6,115
DA:8,115
DA:10,115
DA:11,89
DA:15,115
DA:18,110
DA:20,110
DA:22,110
DA:23,23
DA:27,110
DA:30,99
DA:32,99
DA:34,99
DA:35,71
DA:39,99
DA:42,46
DA:44,46
DA:46,46
DA:47,5
DA:51,46
DA:54,96
DA:56,96
DA:58,96
DA:59,75
DA:63,96
DA:66,99
DA:68,99
DA:70,99
DA:71,16
DA:75,99
DA:78,11
DA:80,11
DA:82,11
DA:83,1
DA:87,11
DA:90,88
DA:92,88
DA:94,88
DA:95,85
DA:99,88
DA:102,110
DA:104,110
DA:106,110
DA:107,52
DA:111,110
DA:114,220
DA:116,220
DA:118,220
DA:119,155
DA:123,220
DA:126,44
DA:128,44
DA:130,44
DA:131,10
DA:135,44
DA:138,19
DA:140,19
DA:142,19
DA:143,14
DA:147,19
DA:150,96
DA:152,96
DA:154,96
DA:155,72
DA:159,96
DA:162,22
DA:164,22
DA:166,22
DA:167,2
DA:171,22
DA:174,44
DA:176,44
DA:178,44
DA:179,38
DA:183,44
DA:186,19
DA:188,19
DA:190,19
DA:191,1
DA:195,19
DA:198,224
DA:200,224
DA:202,224
DA:203,162
DA:207,224
DA:210,43
DA:212,43
DA:214,43
DA:215,4
DA:219,43
DA:222,8
DA:224,8
DA:225,8
DA:226,8
DA:228,8
DA:231,8
DA:233,8
DA:235,8
DA:238,99
DA:240,99
DA:241,99
DA:243,99
DA:246,11
DA:248,11
DA:249,11
DA:250,11
DA:252,11
DA:255,110
DA:257,110
DA:258,110
DA:259,110
DA:261,110
DA:264,11
DA:266,11
DA:267,11
DA:268,11
DA:269,11
DA:272,11
DA:275,11
DA:277,11
DA:278,11
DA:280,11
DA:283,88
DA:285,88
DA:286,88
DA:287,88
DA:288,88
DA:289,88
DA:290,88
DA:292,88
DA:300,24
DA:302,24
DA:303,24
DA:304,24
DA:305,24
DA:306,24
DA:308,24
DA:311,24
DA:313,24
DA:315,24
DA:318,20
DA:320,20
DA:321,20
DA:323,20
DA:326,19
DA:328,19
DA:329,19
DA:331,19
DA:335,8
DA:337,8
DA:338,8
DA:339,8
DA:341,8
DA:342,1
DA:343,7
DA:344,4
DA:348,8
DA:352,11
DA:354,11
DA:355,11
DA:356,11
DA:357,11
DA:359,11
DA:360,1
DA:361,10
DA:362,3
DA:363,7
DA:364,1
DA:368,11
DA:371,11
DA:373,11
DA:374,11
DA:375,11
DA:376,11
DA:378,11
DA:379,2
DA:380,9
DA:381,2
DA:382,7
DA:383,2
DA:387,11
DA:391,88
DA:393,88
DA:394,88
DA:395,88
DA:396,88
DA:398,88
DA:399,6
DA:400,82
DA:401,8
DA:402,74
DA:403,7
DA:407,88
DA:411,43
DA:413,43
DA:415,43
DA:416,4
DA:420,43
DA:423,30
DA:427,30
DA:429,30
DA:430,24
DA:431,24
DA:433,24
DA:434,4
DA:435,20
DA:436,12
DA:442,30
DA:445,30
DA:449,30
DA:451,30
DA:452,22
DA:456,30
DA:457,20
DA:458,4
DA:464,30
DA:467,28
DA:471,28
DA:473,28
DA:474,21
DA:478,28
DA:479,19
DA:480,15
DA:486,28
DA:489,118
DA:491,118
DA:492,13
DA:493,13
DA:494,13
DA:495,13
DA:496,13
DA:498,17
DA:499,17
DA:500,17
DA:501,17
DA:502,17
DA:504,12
DA:505,12
DA:506,12
DA:507,12
DA:508,12
DA:510,21
DA:511,21
DA:512,21
DA:513,21
DA:514,21
DA:516,43
DA:517,43
DA:518,43
DA:519,43
DA:520,43
DA:522,12
DA:523,12
DA:524,12
DA:525,12
DA:526,12
DA:528,0
DA:529,0
DA:530,0
DA:531,0
DA:532,0
DA:534,118
DA:539,106
DA:541,106
DA:542,101
DA:545,106
DA:550,133
DA:552,133
DA:553,118
DA:555,118
DA:556,8
DA:557,8
DA:558,8
DA:560,11
DA:561,11
DA:562,11
DA:564,11
DA:565,11
DA:566,11
DA:568,30
DA:569,30
DA:570,30
DA:572,30
DA:573,30
DA:574,30
DA:576,28
DA:577,28
DA:578,28
DA:580,0
DA:581,0
DA:582,0
DA:585,118
DA:586,118
DA:589,133
LF:294
LH:286
end_of_record
