TN:
SF:/home/vmu/Claude_DEBUG_MCDC_2/src/mode_logic_team.c
FN:7,handle_standstill
FN:30,handle_ev
FN:58,handle_regenb
FN:87,motion_ice_common_exit
FN:113,internal_motion_ice_reset
FN:126,handle_start
FN:152,handle_ice
FN:176,handle_hybrid
FN:200,write_outputs
FN:250,ModeLogic_Init
FN:261,ModeLogic_Step
FNDA:133,ModeLogic_Step
FNDA:118,write_outputs
FNDA:106,ModeLogic_Init
FNDA:11,handle_ev
FNDA:11,handle_regenb
FNDA:8,handle_standstill
FNDA:43,internal_motion_ice_reset
FNDA:30,handle_ice
FNDA:28,handle_hybrid
FNDA:30,handle_start
FNDA:88,motion_ice_common_exit
FNF:11
FNH:11
BRDA:12,0,0,5
BRDA:12,0,1,3
BRDA:13,0,0,3
BRDA:13,0,1,2
BRDA:14,0,0,1
BRDA:14,0,1,2
BRDA:18,0,0,4
BRDA:18,0,1,3
BRDA:19,0,0,2
BRDA:19,0,1,2
BRDA:20,0,0,2
BRDA:20,0,1,0
BRDA:35,0,0,6
BRDA:35,0,1,5
BRDA:36,0,0,1
BRDA:36,0,1,5
BRDA:40,0,0,9
BRDA:40,0,1,1
BRDA:41,0,0,8
BRDA:41,0,1,1
BRDA:42,0,0,1
BRDA:42,0,1,7
BRDA:46,0,0,3
BRDA:46,0,1,4
BRDA:47,0,0,2
BRDA:47,0,1,1
BRDA:48,0,0,1
BRDA:48,0,1,1
BRDA:63,0,0,1
BRDA:63,0,1,10
BRDA:63,0,2,0
BRDA:63,0,3,1
BRDA:64,0,0,1
BRDA:64,0,1,9
BRDA:68,0,0,4
BRDA:68,0,1,5
BRDA:69,0,0,3
BRDA:69,0,1,1
BRDA:70,0,0,2
BRDA:70,0,1,1
BRDA:74,0,0,3
BRDA:74,0,1,4
BRDA:75,0,0,2
BRDA:75,0,1,1
BRDA:76,0,0,2
BRDA:76,0,1,0
BRDA:77,0,0,2
BRDA:77,0,1,0
BRDA:91,0,0,65
BRDA:91,0,1,23
BRDA:92,0,0,51
BRDA:92,0,1,14
BRDA:93,0,0,6
BRDA:93,0,1,45
BRDA:95,0,0,59
BRDA:95,0,1,23
BRDA:96,0,0,56
BRDA:96,0,1,3
BRDA:97,0,0,46
BRDA:97,0,1,10
BRDA:98,0,0,36
BRDA:98,0,1,10
BRDA:99,0,0,20
BRDA:99,0,1,16
BRDA:100,0,0,8
BRDA:100,0,1,12
BRDA:102,0,0,16
BRDA:102,0,1,58
BRDA:103,0,0,10
BRDA:103,0,1,6
BRDA:104,0,0,7
BRDA:104,0,1,3
BRDA:117,0,0,4
BRDA:117,0,1,39
BRDA:132,0,0,24
BRDA:132,0,1,6
BRDA:133,0,0,16
BRDA:133,0,1,8
BRDA:134,0,0,12
BRDA:134,0,1,4
BRDA:135,0,0,10
BRDA:135,0,1,2
BRDA:136,0,0,2
BRDA:136,0,1,8
BRDA:138,0,0,12
BRDA:138,0,1,8
BRDA:139,0,0,8
BRDA:139,0,1,4
BRDA:140,0,0,8
BRDA:140,0,1,0
BRDA:141,0,0,8
BRDA:141,0,1,0
BRDA:158,0,0,22
BRDA:158,0,1,8
BRDA:163,0,0,20
BRDA:163,0,1,10
BRDA:164,0,0,5
BRDA:164,0,1,15
BRDA:165,0,0,4
BRDA:165,0,1,1
BRDA:182,0,0,21
BRDA:182,0,1,7
BRDA:187,0,0,19
BRDA:187,0,1,9
BRDA:188,0,0,5
BRDA:188,0,1,14
BRDA:189,0,0,1
BRDA:189,0,1,4
BRDA:202,0,0,13
BRDA:202,0,1,17
BRDA:202,0,2,12
BRDA:202,0,3,21
BRDA:202,0,4,43
BRDA:202,0,5,12
BRDA:202,0,6,0
BRDA:252,0,0,101
BRDA:252,0,1,5
BRDA:263,0,0,128
BRDA:263,0,1,5
BRDA:263,0,2,123
BRDA:263,0,3,5
BRDA:263,0,4,118
BRDA:263,0,5,5
BRDA:266,0,0,8
BRDA:266,0,1,11
BRDA:266,0,2,11
BRDA:266,0,3,30
BRDA:266,0,4,30
BRDA:266,0,5,28
BRDA:266,0,6,0
BRF:130
BRH:122
DA:7,8
DA:9,8
DA:12,8
DA:13,5
DA:14,3
DA:15,1
DA:18,7
DA:19,4
DA:20,2
DA:21,4
DA:26,8
DA:30,11
DA:32,11
DA:35,11
DA:36,6
DA:37,1
DA:40,10
DA:41,9
DA:42,8
DA:43,3
DA:46,7
DA:47,3
DA:48,2
DA:49,1
DA:54,11
DA:58,11
DA:60,11
DA:63,11
DA:64,10
DA:65,2
DA:68,9
DA:69,4
DA:70,3
DA:71,2
DA:74,7
DA:75,3
DA:76,2
DA:77,2
DA:78,2
DA:83,11
DA:87,88
DA:89,88
DA:91,88
DA:92,65
DA:93,51
DA:94,6
DA:95,82
DA:96,59
DA:97,56
DA:98,46
DA:99,36
DA:100,20
DA:101,8
DA:102,74
DA:103,16
DA:104,10
DA:105,7
DA:109,88
DA:113,43
DA:115,43
DA:117,43
DA:118,4
DA:122,43
DA:126,30
DA:130,30
DA:132,30
DA:133,24
DA:134,16
DA:135,12
DA:136,10
DA:137,4
DA:138,20
DA:139,12
DA:140,8
DA:141,8
DA:142,12
DA:148,30
DA:152,30
DA:156,30
DA:158,30
DA:159,22
DA:163,30
DA:164,20
DA:165,5
DA:166,4
DA:172,30
DA:176,28
DA:180,28
DA:182,28
DA:183,21
DA:187,28
DA:188,19
DA:189,5
DA:190,15
DA:196,28
DA:200,118
DA:202,118
DA:203,13
DA:204,13
DA:205,13
DA:206,13
DA:207,13
DA:209,17
DA:210,17
DA:211,17
DA:212,17
DA:213,17
DA:215,12
DA:216,12
DA:217,12
DA:218,12
DA:219,12
DA:221,21
DA:222,21
DA:223,21
DA:224,21
DA:225,21
DA:227,43
DA:228,43
DA:229,43
DA:230,43
DA:231,43
DA:233,12
DA:234,12
DA:235,12
DA:236,12
DA:237,12
DA:239,0
DA:240,0
DA:241,0
DA:242,0
DA:243,0
DA:245,118
DA:250,106
DA:252,106
DA:253,101
DA:256,106
DA:261,133
DA:263,133
DA:264,118
DA:266,118
DA:267,8
DA:268,8
DA:269,8
DA:271,11
DA:272,11
DA:273,11
DA:275,11
DA:276,11
DA:277,11
DA:279,30
DA:280,30
DA:281,30
DA:283,30
DA:284,30
DA:285,30
DA:287,28
DA:288,28
DA:289,28
DA:291,0
DA:292,0
DA:293,0
DA:296,118
DA:297,118
DA:300,133
LF:165
LH:157
end_of_record
